<?xml version="1.0" encoding="UTF-8"?>
<testng-results ignored="0" total="1" passed="1" failed="0" skipped="0">
  <reporter-output>
  </reporter-output>
  <suite started-at="2022-09-28T22:21:02 IST" name="Default suite" finished-at="2022-09-28T22:21:15 IST" duration-ms="12663">
    <groups>
    </groups>
    <test started-at="2022-09-28T22:21:02 IST" name="Default test" finished-at="2022-09-28T22:21:15 IST" duration-ms="12663">
      <class name="login.HrmLogin">
        <test-method is-config="true" signature="open()[pri:0, instance:login.HrmLogin@581ac8a8]" started-at="2022-09-28T22:21:02 IST" name="open" finished-at="2022-09-28T22:21:12 IST" duration-ms="10211" status="PASS">
          <reporter-output>
          </reporter-output>
        </test-method> <!-- open -->
        <test-method signature="operation()[pri:0, instance:login.HrmLogin@581ac8a8]" started-at="2022-09-28T22:21:12 IST" name="operation" finished-at="2022-09-28T22:21:14 IST" duration-ms="2229" status="PASS">
          <reporter-output>
          </reporter-output>
        </test-method> <!-- operation -->
        <test-method is-config="true" signature="close()[pri:0, instance:login.HrmLogin@581ac8a8]" started-at="2022-09-28T22:21:14 IST" name="close" finished-at="2022-09-28T22:21:15 IST" duration-ms="180" status="PASS">
          <reporter-output>
          </reporter-output>
        </test-method> <!-- close -->
      </class> <!-- login.HrmLogin -->
    </test> <!-- Default test -->
  </suite> <!-- Default suite -->
</testng-results>
